<?xml version="1.0" encoding="UTF-8"?>
<!-- Generated by org.testng.reporters.JUnitXMLReporter -->
<testsuite ignored="0" hostname="Koushik" failures="1" tests="6" name="login" time="28.637" errors="0" timestamp="2026-05-11T10:45:50 IST">
  <testcase classname="testpackage.login" name="logintest" time="3.096"/>
  <testcase classname="testpackage.login" name="logintest" time="2.422">
    <failure type="java.lang.AssertionError" message="expected [https://www.saucedemo.com/inventory.html] but found [https://www.saucedemo.com/]">
      <![CDATA[java.lang.AssertionError: expected [https://www.saucedemo.com/inventory.html] but found [https://www.saucedemo.com/]
at pages.loginpage.dologin(loginpage.java:31)
at testpackage.login.logintest(login.java:21)
at java.base/java.util.ArrayList.forEach(ArrayList.java:1596)
at java.base/java.util.concurrent.FutureTask.run(FutureTask.java:317)
at java.base/java.util.concurrent.ThreadPoolExecutor.runWorker(ThreadPoolExecutor.java:1144)
at java.base/java.util.concurrent.ThreadPoolExecutor$Worker.run(ThreadPoolExecutor.java:642)
at java.base/java.lang.Thread.run(Thread.java:1583)
... Removed 21 stack frames]]>
    </failure>
  </testcase> <!-- logintest -->
  <testcase classname="testpackage.login" name="logintest" time="2.331"/>
  <testcase classname="testpackage.login" name="logintest" time="8.002"/>
  <testcase classname="testpackage.login" name="logintest" time="2.323"/>
  <testcase classname="testpackage.login" name="logintest" time="2.317"/>
</testsuite> <!-- login -->
