<?xml version="1.0" encoding="UTF-8"?>
<!-- Generated by org.testng.reporters.JUnitXMLReporter -->
<testsuite ignored="0" hostname="Koushik" failures="1" tests="6" name="Test" time="24.072" errors="0" timestamp="2026-05-11T10:36:05 IST">
  <testcase classname="testpackage.login" name="logintest" time="2.943"/>
  <testcase classname="testpackage.login" name="logintest" time="2.321">
    <failure type="java.lang.AssertionError" message="expected [https://www.saucedemo.com/inventory.html] but found [https://www.saucedemo.com/]">
      <![CDATA[java.lang.AssertionError: expected [https://www.saucedemo.com/inventory.html] but found [https://www.saucedemo.com/]
at pages.loginpage.dologin(loginpage.java:31)
at testpackage.login.logintest(login.java:21)
at java.base/java.util.ArrayList.forEach(ArrayList.java:1596)
... Removed 31 stack frames]]>
    </failure>
  </testcase> <!-- logintest -->
  <testcase classname="testpackage.login" name="logintest" time="2.265"/>
  <testcase classname="testpackage.login" name="logintest" time="7.284"/>
  <testcase classname="testpackage.login" name="logintest" time="2.26"/>
  <testcase classname="testpackage.login" name="logintest" time="2.234"/>
</testsuite> <!-- Test -->
