<?xml version="1.0" encoding="UTF-8"?>
<!-- Generated by org.testng.reporters.JUnitXMLReporter -->
<testsuite ignored="0" hostname="Koushik" failures="1" tests="6" name="login" time="31.855" errors="0" timestamp="2026-06-01T10:02:53 IST">
  <testcase classname="testpackage.login" name="logintest" time="3.316"/>
  <testcase classname="testpackage.login" name="logintest" time="2.486">
    <failure type="java.lang.AssertionError" message="expected [https://www.saucedemo.com/inventory.html] but found [https://www.saucedemo.com/]">
      <![CDATA[java.lang.AssertionError: expected [https://www.saucedemo.com/inventory.html] but found [https://www.saucedemo.com/]
at pages.loginpage.dologin(loginpage.java:31)
at testpackage.login.logintest(login.java:21)
at java.base/java.util.ArrayList.forEach(ArrayList.java:1596)
at java.base/java.util.concurrent.FutureTask.run(FutureTask.java:317)
at java.base/java.util.concurrent.ThreadPoolExecutor.runWorker(ThreadPoolExecutor.java:1144)
at java.base/java.util.concurrent.ThreadPoolExecutor$Worker.run(ThreadPoolExecutor.java:642)
at java.base/java.lang.Thread.run(Thread.java:1583)
... Removed 21 stack frames]]>
    </failure>
  </testcase> <!-- logintest -->
  <testcase classname="testpackage.login" name="logintest" time="2.688"/>
  <testcase classname="testpackage.login" name="logintest" time="7.667"/>
  <testcase classname="testpackage.login" name="logintest" time="2.279"/>
  <testcase classname="testpackage.login" name="logintest" time="2.289"/>
</testsuite> <!-- login -->
