<?xml version="1.0" encoding="UTF-8"?>
<!-- Generated by org.testng.reporters.JUnitXMLReporter -->
<testsuite ignored="0" hostname="Koushik" failures="1" tests="6" name="Test" time="36.425" errors="0" timestamp="2026-06-01T09:59:20 IST">
  <testcase classname="testpackage.login" name="logintest" time="11.26"/>
  <testcase classname="testpackage.login" name="logintest" time="2.493">
    <failure type="java.lang.AssertionError" message="expected [https://www.saucedemo.com/inventory.html] but found [https://www.saucedemo.com/]">
      <![CDATA[java.lang.AssertionError: expected [https://www.saucedemo.com/inventory.html] but found [https://www.saucedemo.com/]
at pages.loginpage.dologin(loginpage.java:31)
at testpackage.login.logintest(login.java:21)
at java.base/java.util.ArrayList.forEach(ArrayList.java:1596)
... Removed 35 stack frames]]>
    </failure>
  </testcase> <!-- logintest -->
  <testcase classname="testpackage.login" name="logintest" time="2.364"/>
  <testcase classname="testpackage.login" name="logintest" time="7.457"/>
  <testcase classname="testpackage.login" name="logintest" time="2.364"/>
  <testcase classname="testpackage.login" name="logintest" time="2.452"/>
</testsuite> <!-- Test -->
