<?xml version="1.0" encoding="UTF-8"?>
<testng-results ignored="0" total="1" passed="1" failed="0" skipped="0">
  <reporter-output>
  </reporter-output>
  <suite started-at="2026-06-02T10:36:40 IST" name="Suite" finished-at="2026-06-02T10:37:05 IST" duration-ms="24147">
    <groups>
      <group name="cucumber">
        <method signature="AbstractTestNGCucumberTests.runScenario(io.cucumber.testng.PickleWrapper,io.cucumber.testng.FeatureWrapper)[pri:0, instance:greenkartstepdefination.greenkarttestrunner@72967906]" name="runScenario" class="io.cucumber.testng.AbstractTestNGCucumberTests"/>
      </group> <!-- cucumber -->
    </groups>
    <test started-at="2026-06-02T10:36:40 IST" name="Test" finished-at="2026-06-02T10:37:05 IST" duration-ms="24147">
      <class name="greenkartstepdefination.greenkarttestrunner">
        <test-method is-config="true" signature="setUpClass(org.testng.ITestContext)[pri:0, instance:greenkartstepdefination.greenkarttestrunner@72967906]" started-at="2026-06-02T10:36:41 IST" name="setUpClass" finished-at="2026-06-02T10:36:41 IST" duration-ms="913" status="PASS">
          <params>
            <param index="0">
              <value>
                <![CDATA[org.testng.TestRunner@626c19cf]]>
              </value>
            </param>
          </params>
          <reporter-output>
          </reporter-output>
        </test-method> <!-- setUpClass -->
        <test-method signature="runScenario(io.cucumber.testng.PickleWrapper,io.cucumber.testng.FeatureWrapper)[pri:0, instance:greenkartstepdefination.greenkarttestrunner@72967906]" started-at="2026-06-02T10:36:41 IST" name="runScenario" description="Runs Cucumber Scenarios" data-provider="scenarios" finished-at="2026-06-02T10:37:05 IST" duration-ms="23055" status="PASS">
          <params>
            <param index="0">
              <value>
                <![CDATA["Greenkart checkout."]]>
              </value>
            </param>
            <param index="1">
              <value>
                <![CDATA["To verify end to end checkout jpurney."]]>
              </value>
            </param>
          </params>
          <reporter-output>
          </reporter-output>
        </test-method> <!-- runScenario -->
        <test-method is-config="true" signature="tearDownClass()[pri:0, instance:greenkartstepdefination.greenkarttestrunner@72967906]" started-at="2026-06-02T10:37:05 IST" name="tearDownClass" finished-at="2026-06-02T10:37:05 IST" duration-ms="106" status="PASS">
          <reporter-output>
          </reporter-output>
        </test-method> <!-- tearDownClass -->
      </class> <!-- greenkartstepdefination.greenkarttestrunner -->
    </test> <!-- Test -->
  </suite> <!-- Suite -->
</testng-results>
